Introduction_tab: False
Introduction_tab: False
Artificial_intelligence_tab: True
Artificial_intelligence_tab: True
AI_Categories_tab: True
AI_Categories_tab: True
AI_Categories_tab_2: False
AI_Categories_tab_2: False
Intelligent_Agents_tab: False
Intelligent_Agents_tab: False
Neuron_tab: False
Neuron_tab: False
Perceptron_tab: False
Perceptron_tab: False
Components_of_NN: False
Components_of_NN: False
Learning_Types: False
Learning_Types: False
Neat_config_choice: False
Neat_config_choice: False
LoadWinner: False
LoadWinner: False
LoadWinner2: False
LoadWinner2: False
Run_Neat_choice: False
Run_Neat_choice: False
How_Lean_NN: False
How_Lean_NN: False
ReinforcementL1: False
ReinforcementL1: False
ReinforcementL2: False
ReinforcementL2: False
ReinforcementL3: False
ReinforcementL3: False
Feedforward_vs_Recurrent_tab: False
Feedforward_vs_Recurrent_tab: False
